1595200524864	mozrunner::runner	INFO	Running command: "/usr/bin/firefox" "-marionette" "-foreground" "-no-remote" "-profile" "/tmp/rust_mozprofilemdpQN5"
1595200785132	mozrunner::runner	INFO	Running command: "/usr/bin/firefox" "-marionette" "-foreground" "-no-remote" "-profile" "/tmp/rust_mozprofileWizMKF"
1595200786734	addons.webextension.screenshots@mozilla.org	WARN	Loading extension 'screenshots@mozilla.org': Reading manifest: Invalid extension permission: mozillaAddons
1595200786734	addons.webextension.screenshots@mozilla.org	WARN	Loading extension 'screenshots@mozilla.org': Reading manifest: Invalid extension permission: telemetry
1595200786734	addons.webextension.screenshots@mozilla.org	WARN	Loading extension 'screenshots@mozilla.org': Reading manifest: Invalid extension permission: resource://pdf.js/
1595200786734	addons.webextension.screenshots@mozilla.org	WARN	Loading extension 'screenshots@mozilla.org': Reading manifest: Invalid extension permission: about:reader*
1595200799067	Marionette	INFO	Listening on port 39031
1595200799114	Marionette	WARN	TLS certificate errors will be ignored for this session
JavaScript warning: https://app.shoptarget.com.br/js/reengage_legacy.js, line 1: unreachable code after return statement
JavaScript warning: https://app.shoptarget.com.br/js/reengage_legacy.js, line 1: unreachable code after return statement
1595200830716	Marionette	INFO	Stopped listening on port 39031
JavaScript error: resource:///modules/sessionstore/SessionStore.jsm, line 5141: NS_ERROR_UNEXPECTED: Component returned failure code: 0x8000ffff (NS_ERROR_UNEXPECTED) [nsIWindowMediator.getEnumerator]
1595201121919	mozrunner::runner	INFO	Running command: "/usr/bin/firefox" "-marionette" "-foreground" "-no-remote" "-profile" "/tmp/rust_mozprofileKITMwL"
1595201123343	addons.webextension.screenshots@mozilla.org	WARN	Loading extension 'screenshots@mozilla.org': Reading manifest: Invalid extension permission: mozillaAddons
1595201123344	addons.webextension.screenshots@mozilla.org	WARN	Loading extension 'screenshots@mozilla.org': Reading manifest: Invalid extension permission: telemetry
1595201123344	addons.webextension.screenshots@mozilla.org	WARN	Loading extension 'screenshots@mozilla.org': Reading manifest: Invalid extension permission: resource://pdf.js/
1595201123344	addons.webextension.screenshots@mozilla.org	WARN	Loading extension 'screenshots@mozilla.org': Reading manifest: Invalid extension permission: about:reader*
1595201128988	Marionette	INFO	Listening on port 33713
1595201129052	Marionette	WARN	TLS certificate errors will be ignored for this session
JavaScript warning: https://app.shoptarget.com.br/js/reengage_legacy.js, line 1: unreachable code after return statement
JavaScript warning: https://app.shoptarget.com.br/js/reengage_legacy.js, line 1: unreachable code after return statement
Handler function threw an exception: [Exception... "Component returned failure code: 0x80040111 (NS_ERROR_NOT_AVAILABLE) [nsICacheInfoChannel.isRacing]"  nsresult: "0x80040111 (NS_ERROR_NOT_AVAILABLE)"  location: "JS frame :: resource://devtools/server/actors/network-monitor/network-response-listener.js :: NetworkResponseListener.prototype._getSecurityInfo< :: line 335"  data: no]
Stack: NetworkResponseListener.prototype._getSecurityInfo<@resource://devtools/server/actors/network-monitor/network-response-listener.js:335:26
exports.makeInfallible/<@resource://devtools/shared/ThreadSafeDevToolsUtils.js:111:22
onStartRequest@resource://devtools/server/actors/network-monitor/network-response-listener.js:224:10
Line: 335, column: 0
console.error: ({})
Handler function threw an exception: [Exception... "Component returned failure code: 0x80040111 (NS_ERROR_NOT_AVAILABLE) [nsICacheInfoChannel.isRacing]"  nsresult: "0x80040111 (NS_ERROR_NOT_AVAILABLE)"  location: "JS frame :: resource://devtools/server/actors/network-monitor/network-response-listener.js :: NetworkResponseListener.prototype._getSecurityInfo< :: line 335"  data: no]
Stack: NetworkResponseListener.prototype._getSecurityInfo<@resource://devtools/server/actors/network-monitor/network-response-listener.js:335:26
exports.makeInfallible/<@resource://devtools/shared/ThreadSafeDevToolsUtils.js:111:22
onStartRequest@resource://devtools/server/actors/network-monitor/network-response-listener.js:224:10
Line: 335, column: 0
console.error: ({})
1595201714668	mozrunner::runner	INFO	Running command: "/usr/bin/firefox" "-marionette" "-foreground" "-no-remote" "-profile" "/tmp/rust_mozprofiletTfWAq"
1595201715421	addons.webextension.screenshots@mozilla.org	WARN	Loading extension 'screenshots@mozilla.org': Reading manifest: Invalid extension permission: mozillaAddons
1595201715421	addons.webextension.screenshots@mozilla.org	WARN	Loading extension 'screenshots@mozilla.org': Reading manifest: Invalid extension permission: telemetry
1595201715421	addons.webextension.screenshots@mozilla.org	WARN	Loading extension 'screenshots@mozilla.org': Reading manifest: Invalid extension permission: resource://pdf.js/
1595201715421	addons.webextension.screenshots@mozilla.org	WARN	Loading extension 'screenshots@mozilla.org': Reading manifest: Invalid extension permission: about:reader*
[Parent 29324, Gecko_IOThread] WARNING: pipe error (75): Connection reset by peer: file /build/firefox-HwDgAI/firefox-71.0+linuxmint2+tricia/ipc/chromium/src/chrome/common/ipc_channel_posix.cc, line 358
[Parent 29324, Gecko_IOThread] WARNING: pipe error (87): Connection reset by peer: file /build/firefox-HwDgAI/firefox-71.0+linuxmint2+tricia/ipc/chromium/src/chrome/common/ipc_channel_posix.cc, line 358
JavaScript error: resource:///modules/UrlbarInput.jsm, line 1817: TypeError: event.target.classList is undefined
1595201722649	Marionette	INFO	Listening on port 44385
1595201722705	Marionette	WARN	TLS certificate errors will be ignored for this session
JavaScript error: , line 0: UnknownError: The operation failed for reasons unrelated to the database itself and not covered by any other error code.
1595201723117	Marionette	INFO	Stopped listening on port 33713
JavaScript warning: https://app.shoptarget.com.br/js/reengage_legacy.js, line 1: unreachable code after return statement
JavaScript warning: https://app.shoptarget.com.br/js/reengage_legacy.js, line 1: unreachable code after return statement
1595201858211	mozrunner::runner	INFO	Running command: "/usr/bin/firefox" "-marionette" "-foreground" "-no-remote" "-profile" "/tmp/rust_mozprofile45Xrjh"
1595201858954	addons.webextension.screenshots@mozilla.org	WARN	Loading extension 'screenshots@mozilla.org': Reading manifest: Invalid extension permission: mozillaAddons
1595201858954	addons.webextension.screenshots@mozilla.org	WARN	Loading extension 'screenshots@mozilla.org': Reading manifest: Invalid extension permission: telemetry
1595201858954	addons.webextension.screenshots@mozilla.org	WARN	Loading extension 'screenshots@mozilla.org': Reading manifest: Invalid extension permission: resource://pdf.js/
1595201858954	addons.webextension.screenshots@mozilla.org	WARN	Loading extension 'screenshots@mozilla.org': Reading manifest: Invalid extension permission: about:reader*
1595201863170	Marionette	INFO	Listening on port 43923
1595201863238	Marionette	WARN	TLS certificate errors will be ignored for this session
[Parent 30248, Gecko_IOThread] WARNING: pipe error (87): Connection reset by peer: file /build/firefox-HwDgAI/firefox-71.0+linuxmint2+tricia/ipc/chromium/src/chrome/common/ipc_channel_posix.cc, line 358
JavaScript warning: https://app.shoptarget.com.br/js/reengage_legacy.js, line 1: unreachable code after return statement
JavaScript warning: https://app.shoptarget.com.br/js/reengage_legacy.js, line 1: unreachable code after return statement
JavaScript error: , line 0: UnknownError: The operation failed for reasons unrelated to the database itself and not covered by any other error code.
1595201867932	Marionette	INFO	Stopped listening on port 44385
[Parent 30579, Gecko_IOThread] WARNING: pipe error (78): Connection reset by peer: file /build/firefox-HwDgAI/firefox-71.0+linuxmint2+tricia/ipc/chromium/src/chrome/common/ipc_channel_posix.cc, line 358
[Parent 30579, Gecko_IOThread] WARNING: pipe error (64): Connection reset by peer: file /build/firefox-HwDgAI/firefox-71.0+linuxmint2+tricia/ipc/chromium/src/chrome/common/ipc_channel_posix.cc, line 358
JavaScript error: , line 0: UnknownError: The operation failed for reasons unrelated to the database itself and not covered by any other error code.
1595201932925	Marionette	INFO	Stopped listening on port 43923
1595202294837	mozrunner::runner	INFO	Running command: "/usr/bin/firefox" "-marionette" "-foreground" "-no-remote" "-profile" "/tmp/rust_mozprofileaBne6e"
1595202295526	addons.webextension.screenshots@mozilla.org	WARN	Loading extension 'screenshots@mozilla.org': Reading manifest: Invalid extension permission: mozillaAddons
1595202295526	addons.webextension.screenshots@mozilla.org	WARN	Loading extension 'screenshots@mozilla.org': Reading manifest: Invalid extension permission: telemetry
1595202295527	addons.webextension.screenshots@mozilla.org	WARN	Loading extension 'screenshots@mozilla.org': Reading manifest: Invalid extension permission: resource://pdf.js/
1595202295527	addons.webextension.screenshots@mozilla.org	WARN	Loading extension 'screenshots@mozilla.org': Reading manifest: Invalid extension permission: about:reader*
1595202299019	Marionette	INFO	Listening on port 33233
1595202299056	Marionette	WARN	TLS certificate errors will be ignored for this session
JavaScript warning: https://app.shoptarget.com.br/js/reengage_legacy.js, line 1: unreachable code after return statement
JavaScript warning: https://app.shoptarget.com.br/js/reengage_legacy.js, line 1: unreachable code after return statement
console.error: (new Error("SessionFile is closed", "resource:///modules/sessionstore/SessionFile.jsm", 433))
1595202349514	Marionette	INFO	Stopped listening on port 33233
1595202457518	mozrunner::runner	INFO	Running command: "/usr/bin/firefox" "-marionette" "-foreground" "-no-remote" "-profile" "/tmp/rust_mozprofilerLlhv6"
1595202458240	addons.webextension.screenshots@mozilla.org	WARN	Loading extension 'screenshots@mozilla.org': Reading manifest: Invalid extension permission: mozillaAddons
1595202458240	addons.webextension.screenshots@mozilla.org	WARN	Loading extension 'screenshots@mozilla.org': Reading manifest: Invalid extension permission: telemetry
1595202458241	addons.webextension.screenshots@mozilla.org	WARN	Loading extension 'screenshots@mozilla.org': Reading manifest: Invalid extension permission: resource://pdf.js/
1595202458241	addons.webextension.screenshots@mozilla.org	WARN	Loading extension 'screenshots@mozilla.org': Reading manifest: Invalid extension permission: about:reader*
1595202462406	Marionette	INFO	Listening on port 41941
1595202462435	Marionette	WARN	TLS certificate errors will be ignored for this session
JavaScript warning: https://app.shoptarget.com.br/js/reengage_legacy.js, line 1: unreachable code after return statement
JavaScript warning: https://app.shoptarget.com.br/js/reengage_legacy.js, line 1: unreachable code after return statement
1595202513958	mozrunner::runner	INFO	Running command: "/usr/bin/firefox" "-marionette" "-foreground" "-no-remote" "-profile" "/tmp/rust_mozprofilev8U0Fe"
1595202514665	addons.webextension.screenshots@mozilla.org	WARN	Loading extension 'screenshots@mozilla.org': Reading manifest: Invalid extension permission: mozillaAddons
1595202514666	addons.webextension.screenshots@mozilla.org	WARN	Loading extension 'screenshots@mozilla.org': Reading manifest: Invalid extension permission: telemetry
1595202514666	addons.webextension.screenshots@mozilla.org	WARN	Loading extension 'screenshots@mozilla.org': Reading manifest: Invalid extension permission: resource://pdf.js/
1595202514666	addons.webextension.screenshots@mozilla.org	WARN	Loading extension 'screenshots@mozilla.org': Reading manifest: Invalid extension permission: about:reader*
1595202518704	Marionette	INFO	Listening on port 42493
1595202518773	Marionette	WARN	TLS certificate errors will be ignored for this session
JavaScript warning: https://app.shoptarget.com.br/js/reengage_legacy.js, line 1: unreachable code after return statement
JavaScript warning: https://app.shoptarget.com.br/js/reengage_legacy.js, line 1: unreachable code after return statement
[Parent 31581, Gecko_IOThread] WARNING: pipe error (75): Connection reset by peer: file /build/firefox-HwDgAI/firefox-71.0+linuxmint2+tricia/ipc/chromium/src/chrome/common/ipc_channel_posix.cc, line 358
[Parent 31581, Gecko_IOThread] WARNING: pipe error (87): Connection reset by peer: file /build/firefox-HwDgAI/firefox-71.0+linuxmint2+tricia/ipc/chromium/src/chrome/common/ipc_channel_posix.cc, line 358
JavaScript error: , line 0: UnknownError: The operation failed for reasons unrelated to the database itself and not covered by any other error code.
1595202527362	Marionette	INFO	Stopped listening on port 41941
1595202911513	mozrunner::runner	INFO	Running command: "/usr/bin/firefox" "-marionette" "-foreground" "-no-remote" "-profile" "/tmp/rust_mozprofiley2rbt5"
1595202912235	addons.webextension.screenshots@mozilla.org	WARN	Loading extension 'screenshots@mozilla.org': Reading manifest: Invalid extension permission: mozillaAddons
1595202912235	addons.webextension.screenshots@mozilla.org	WARN	Loading extension 'screenshots@mozilla.org': Reading manifest: Invalid extension permission: telemetry
1595202912235	addons.webextension.screenshots@mozilla.org	WARN	Loading extension 'screenshots@mozilla.org': Reading manifest: Invalid extension permission: resource://pdf.js/
1595202912235	addons.webextension.screenshots@mozilla.org	WARN	Loading extension 'screenshots@mozilla.org': Reading manifest: Invalid extension permission: about:reader*
1595202916477	Marionette	INFO	Listening on port 43311
1595202916535	Marionette	WARN	TLS certificate errors will be ignored for this session
JavaScript warning: https://app.shoptarget.com.br/js/reengage_legacy.js, line 1: unreachable code after return statement
JavaScript warning: https://app.shoptarget.com.br/js/reengage_legacy.js, line 1: unreachable code after return statement
Handler function threw an exception: [Exception... "Component returned failure code: 0x80040111 (NS_ERROR_NOT_AVAILABLE) [nsICacheInfoChannel.isRacing]"  nsresult: "0x80040111 (NS_ERROR_NOT_AVAILABLE)"  location: "JS frame :: resource://devtools/server/actors/network-monitor/network-response-listener.js :: NetworkResponseListener.prototype._getSecurityInfo< :: line 335"  data: no]
Stack: NetworkResponseListener.prototype._getSecurityInfo<@resource://devtools/server/actors/network-monitor/network-response-listener.js:335:26
exports.makeInfallible/<@resource://devtools/shared/ThreadSafeDevToolsUtils.js:111:22
onStartRequest@resource://devtools/server/actors/network-monitor/network-response-listener.js:224:10
Line: 335, column: 0
console.error: ({})
Handler function threw an exception: [Exception... "Component returned failure code: 0x80040111 (NS_ERROR_NOT_AVAILABLE) [nsICacheInfoChannel.isRacing]"  nsresult: "0x80040111 (NS_ERROR_NOT_AVAILABLE)"  location: "JS frame :: resource://devtools/server/actors/network-monitor/network-response-listener.js :: NetworkResponseListener.prototype._getSecurityInfo< :: line 335"  data: no]
Stack: NetworkResponseListener.prototype._getSecurityInfo<@resource://devtools/server/actors/network-monitor/network-response-listener.js:335:26
exports.makeInfallible/<@resource://devtools/shared/ThreadSafeDevToolsUtils.js:111:22
onStartRequest@resource://devtools/server/actors/network-monitor/network-response-listener.js:224:10
Line: 335, column: 0
console.error: ({})
Handler function threw an exception: [Exception... "Component returned failure code: 0x80040111 (NS_ERROR_NOT_AVAILABLE) [nsICacheInfoChannel.isRacing]"  nsresult: "0x80040111 (NS_ERROR_NOT_AVAILABLE)"  location: "JS frame :: resource://devtools/server/actors/network-monitor/network-response-listener.js :: NetworkResponseListener.prototype._getSecurityInfo< :: line 335"  data: no]
Stack: NetworkResponseListener.prototype._getSecurityInfo<@resource://devtools/server/actors/network-monitor/network-response-listener.js:335:26
exports.makeInfallible/<@resource://devtools/shared/ThreadSafeDevToolsUtils.js:111:22
onStartRequest@resource://devtools/server/actors/network-monitor/network-response-listener.js:224:10
Line: 335, column: 0
console.error: ({})
Handler function threw an exception: [Exception... "Component returned failure code: 0x80040111 (NS_ERROR_NOT_AVAILABLE) [nsICacheInfoChannel.isRacing]"  nsresult: "0x80040111 (NS_ERROR_NOT_AVAILABLE)"  location: "JS frame :: resource://devtools/server/actors/network-monitor/network-response-listener.js :: NetworkResponseListener.prototype._getSecurityInfo< :: line 335"  data: no]
Stack: NetworkResponseListener.prototype._getSecurityInfo<@resource://devtools/server/actors/network-monitor/network-response-listener.js:335:26
exports.makeInfallible/<@resource://devtools/shared/ThreadSafeDevToolsUtils.js:111:22
onStartRequest@resource://devtools/server/actors/network-monitor/network-response-listener.js:224:10
Line: 335, column: 0
console.error: ({})
1595202976031	mozrunner::runner	INFO	Running command: "/usr/bin/firefox" "-marionette" "-foreground" "-no-remote" "-profile" "/tmp/rust_mozprofile9pmwnj"
1595202976797	addons.webextension.screenshots@mozilla.org	WARN	Loading extension 'screenshots@mozilla.org': Reading manifest: Invalid extension permission: mozillaAddons
1595202976797	addons.webextension.screenshots@mozilla.org	WARN	Loading extension 'screenshots@mozilla.org': Reading manifest: Invalid extension permission: telemetry
1595202976797	addons.webextension.screenshots@mozilla.org	WARN	Loading extension 'screenshots@mozilla.org': Reading manifest: Invalid extension permission: resource://pdf.js/
1595202976797	addons.webextension.screenshots@mozilla.org	WARN	Loading extension 'screenshots@mozilla.org': Reading manifest: Invalid extension permission: about:reader*
1595202980672	Marionette	INFO	Listening on port 41597
1595202980753	Marionette	WARN	TLS certificate errors will be ignored for this session
JavaScript warning: https://app.shoptarget.com.br/js/reengage_legacy.js, line 1: unreachable code after return statement
JavaScript warning: https://app.shoptarget.com.br/js/reengage_legacy.js, line 1: unreachable code after return statement
1595203007823	mozrunner::runner	INFO	Running command: "/usr/bin/firefox" "-marionette" "-foreground" "-no-remote" "-profile" "/tmp/rust_mozprofile8SG4he"
1595203008518	addons.webextension.screenshots@mozilla.org	WARN	Loading extension 'screenshots@mozilla.org': Reading manifest: Invalid extension permission: mozillaAddons
1595203008518	addons.webextension.screenshots@mozilla.org	WARN	Loading extension 'screenshots@mozilla.org': Reading manifest: Invalid extension permission: telemetry
1595203008518	addons.webextension.screenshots@mozilla.org	WARN	Loading extension 'screenshots@mozilla.org': Reading manifest: Invalid extension permission: resource://pdf.js/
1595203008519	addons.webextension.screenshots@mozilla.org	WARN	Loading extension 'screenshots@mozilla.org': Reading manifest: Invalid extension permission: about:reader*
1595203011974	Marionette	INFO	Listening on port 43809
1595203012041	Marionette	WARN	TLS certificate errors will be ignored for this session
JavaScript warning: https://app.shoptarget.com.br/js/reengage_legacy.js, line 1: unreachable code after return statement
JavaScript warning: https://app.shoptarget.com.br/js/reengage_legacy.js, line 1: unreachable code after return statement
1595203074149	mozrunner::runner	INFO	Running command: "/usr/bin/firefox" "-marionette" "-foreground" "-no-remote" "-profile" "/tmp/rust_mozprofileh1cxen"
1595203074847	addons.webextension.screenshots@mozilla.org	WARN	Loading extension 'screenshots@mozilla.org': Reading manifest: Invalid extension permission: mozillaAddons
1595203074847	addons.webextension.screenshots@mozilla.org	WARN	Loading extension 'screenshots@mozilla.org': Reading manifest: Invalid extension permission: telemetry
1595203074847	addons.webextension.screenshots@mozilla.org	WARN	Loading extension 'screenshots@mozilla.org': Reading manifest: Invalid extension permission: resource://pdf.js/
1595203074847	addons.webextension.screenshots@mozilla.org	WARN	Loading extension 'screenshots@mozilla.org': Reading manifest: Invalid extension permission: about:reader*
1595203077940	Marionette	INFO	Listening on port 42653
1595203077968	Marionette	WARN	TLS certificate errors will be ignored for this session
JavaScript warning: https://app.shoptarget.com.br/js/reengage_legacy.js, line 1: unreachable code after return statement
JavaScript warning: https://app.shoptarget.com.br/js/reengage_legacy.js, line 1: unreachable code after return statement
1595203094832	mozrunner::runner	INFO	Running command: "/usr/bin/firefox" "-marionette" "-foreground" "-no-remote" "-profile" "/tmp/rust_mozprofileFOfRrP"
1595203095525	addons.webextension.screenshots@mozilla.org	WARN	Loading extension 'screenshots@mozilla.org': Reading manifest: Invalid extension permission: mozillaAddons
1595203095525	addons.webextension.screenshots@mozilla.org	WARN	Loading extension 'screenshots@mozilla.org': Reading manifest: Invalid extension permission: telemetry
1595203095525	addons.webextension.screenshots@mozilla.org	WARN	Loading extension 'screenshots@mozilla.org': Reading manifest: Invalid extension permission: resource://pdf.js/
1595203095525	addons.webextension.screenshots@mozilla.org	WARN	Loading extension 'screenshots@mozilla.org': Reading manifest: Invalid extension permission: about:reader*
1595203099832	Marionette	INFO	Listening on port 35619
1595203099852	Marionette	WARN	TLS certificate errors will be ignored for this session
JavaScript warning: https://app.shoptarget.com.br/js/reengage_legacy.js, line 1: unreachable code after return statement
JavaScript warning: https://app.shoptarget.com.br/js/reengage_legacy.js, line 1: unreachable code after return statement
1595203217656	mozrunner::runner	INFO	Running command: "/usr/bin/firefox" "-marionette" "-foreground" "-no-remote" "-profile" "/tmp/rust_mozprofileGX3gyZ"
1595203219924	addons.webextension.screenshots@mozilla.org	WARN	Loading extension 'screenshots@mozilla.org': Reading manifest: Invalid extension permission: mozillaAddons
1595203219924	addons.webextension.screenshots@mozilla.org	WARN	Loading extension 'screenshots@mozilla.org': Reading manifest: Invalid extension permission: telemetry
1595203219924	addons.webextension.screenshots@mozilla.org	WARN	Loading extension 'screenshots@mozilla.org': Reading manifest: Invalid extension permission: resource://pdf.js/
1595203219924	addons.webextension.screenshots@mozilla.org	WARN	Loading extension 'screenshots@mozilla.org': Reading manifest: Invalid extension permission: about:reader*
1595203224348	Marionette	INFO	Listening on port 35169
1595203224391	Marionette	WARN	TLS certificate errors will be ignored for this session
JavaScript warning: https://app.shoptarget.com.br/js/reengage_legacy.js, line 1: unreachable code after return statement
JavaScript warning: https://app.shoptarget.com.br/js/reengage_legacy.js, line 1: unreachable code after return statement
[Parent 31819, Gecko_IOThread] WARNING: pipe error (89): Connection reset by peer: file /build/firefox-HwDgAI/firefox-71.0+linuxmint2+tricia/ipc/chromium/src/chrome/common/ipc_channel_posix.cc, line 358
[Parent 32551, Gecko_IOThread] WARNING: pipe error (89): Connection reset by peer: file /build/firefox-HwDgAI/firefox-71.0+linuxmint2+tricia/ipc/chromium/src/chrome/common/ipc_channel_posix.cc, line 358
[Parent 32290, Gecko_IOThread] WARNING: pipe error (88): Connection reset by peer: file /build/firefox-HwDgAI/firefox-71.0+linuxmint2+tricia/ipc/chromium/src/chrome/common/ipc_channel_posix.cc, line 358
[Parent 32290, Gecko_IOThread] WARNING: pipe error (75): Connection reset by peer: file /build/firefox-HwDgAI/firefox-71.0+linuxmint2+tricia/ipc/chromium/src/chrome/common/ipc_channel_posix.cc, line 358
JavaScript error: , line 0: UnknownError: The operation failed for reasons unrelated to the database itself and not covered by any other error code.
JavaScript error: , line 0: UnknownError: The operation failed for reasons unrelated to the database itself and not covered by any other error code.
1595203314678	Marionette	INFO	Stopped listening on port 42493
1595203314681	Marionette	INFO	Stopped listening on port 43809
JavaScript error: , line 0: UnknownError: The operation failed for reasons unrelated to the database itself and not covered by any other error code.
JavaScript error: , line 0: UnknownError: The operation failed for reasons unrelated to the database itself and not covered by any other error code.
JavaScript error: , line 0: UnknownError: The operation failed for reasons unrelated to the database itself and not covered by any other error code.
JavaScript error: , line 0: UnknownError: The operation failed for reasons unrelated to the database itself and not covered by any other error code.
1595203314791	Marionette	INFO	Stopped listening on port 42653
1595203314802	Marionette	INFO	Stopped listening on port 41597
1595203314821	Marionette	INFO	Stopped listening on port 35619

###!!! [Parent][RunMessage] Error: Channel closing: too late to send/recv, messages will be lost

JavaScript error: , line 0: UnknownError: The operation failed for reasons unrelated to the database itself and not covered by any other error code.
1595203314908	Marionette	INFO	Stopped listening on port 35169
1595203314992	Marionette	INFO	Stopped listening on port 43311
1595203464668	mozrunner::runner	INFO	Running command: "/usr/bin/firefox" "-marionette" "-foreground" "-no-remote" "-profile" "/tmp/rust_mozprofile8r62gM"
1595203465484	addons.webextension.screenshots@mozilla.org	WARN	Loading extension 'screenshots@mozilla.org': Reading manifest: Invalid extension permission: mozillaAddons
1595203465484	addons.webextension.screenshots@mozilla.org	WARN	Loading extension 'screenshots@mozilla.org': Reading manifest: Invalid extension permission: telemetry
1595203465484	addons.webextension.screenshots@mozilla.org	WARN	Loading extension 'screenshots@mozilla.org': Reading manifest: Invalid extension permission: resource://pdf.js/
1595203465485	addons.webextension.screenshots@mozilla.org	WARN	Loading extension 'screenshots@mozilla.org': Reading manifest: Invalid extension permission: about:reader*
1595203469486	Marionette	INFO	Listening on port 41965
1595203469584	Marionette	WARN	TLS certificate errors will be ignored for this session
Exiting due to channel error.
[Child 2113, Chrome_ChildThread] WARNING: pipe error: Broken pipe: file /build/firefox-HwDgAI/firefox-71.0+linuxmint2+tricia/ipc/chromium/src/chrome/common/ipc_channel_posix.cc, line 728
[GFX1-]: Receive IPC close with reason=AbnormalShutdown
Exiting due to channel error.
[GFX1-]: Receive IPC close with reason=AbnormalShutdown
[Child 2097, Chrome_ChildThread] WARNING: pipe error (3): Connection reset by peer: file /build/firefox-HwDgAI/firefox-71.0+linuxmint2+tricia/ipc/chromium/src/chrome/common/ipc_channel_posix.cc, line 358
Exiting due to channel error.
1595203481289	mozrunner::runner	INFO	Running command: "/usr/bin/firefox" "-marionette" "-foreground" "-no-remote" "-profile" "/tmp/rust_mozprofilewuR2aG"
1595203481986	addons.webextension.screenshots@mozilla.org	WARN	Loading extension 'screenshots@mozilla.org': Reading manifest: Invalid extension permission: mozillaAddons
1595203481986	addons.webextension.screenshots@mozilla.org	WARN	Loading extension 'screenshots@mozilla.org': Reading manifest: Invalid extension permission: telemetry
1595203481986	addons.webextension.screenshots@mozilla.org	WARN	Loading extension 'screenshots@mozilla.org': Reading manifest: Invalid extension permission: resource://pdf.js/
1595203481986	addons.webextension.screenshots@mozilla.org	WARN	Loading extension 'screenshots@mozilla.org': Reading manifest: Invalid extension permission: about:reader*
1595203486396	Marionette	INFO	Listening on port 40127
1595203486413	Marionette	WARN	TLS certificate errors will be ignored for this session
JavaScript warning: https://app.shoptarget.com.br/js/reengage_legacy.js, line 1: unreachable code after return statement
JavaScript warning: https://app.shoptarget.com.br/js/reengage_legacy.js, line 1: unreachable code after return statement
1595203545161	mozrunner::runner	INFO	Running command: "/usr/bin/firefox" "-marionette" "-foreground" "-no-remote" "-profile" "/tmp/rust_mozprofiles2iEwV"
1595203545924	addons.webextension.screenshots@mozilla.org	WARN	Loading extension 'screenshots@mozilla.org': Reading manifest: Invalid extension permission: mozillaAddons
1595203545924	addons.webextension.screenshots@mozilla.org	WARN	Loading extension 'screenshots@mozilla.org': Reading manifest: Invalid extension permission: telemetry
1595203545924	addons.webextension.screenshots@mozilla.org	WARN	Loading extension 'screenshots@mozilla.org': Reading manifest: Invalid extension permission: resource://pdf.js/
1595203545924	addons.webextension.screenshots@mozilla.org	WARN	Loading extension 'screenshots@mozilla.org': Reading manifest: Invalid extension permission: about:reader*
1595203550113	Marionette	INFO	Listening on port 46403
1595203550178	Marionette	WARN	TLS certificate errors will be ignored for this session
JavaScript warning: https://app.shoptarget.com.br/js/reengage_legacy.js, line 1: unreachable code after return statement
JavaScript warning: https://app.shoptarget.com.br/js/reengage_legacy.js, line 1: unreachable code after return statement
1595203606447	mozrunner::runner	INFO	Running command: "/usr/bin/firefox" "-marionette" "-foreground" "-no-remote" "-profile" "/tmp/rust_mozprofilelSHAlJ"
1595203607221	addons.webextension.screenshots@mozilla.org	WARN	Loading extension 'screenshots@mozilla.org': Reading manifest: Invalid extension permission: mozillaAddons
1595203607221	addons.webextension.screenshots@mozilla.org	WARN	Loading extension 'screenshots@mozilla.org': Reading manifest: Invalid extension permission: telemetry
1595203607221	addons.webextension.screenshots@mozilla.org	WARN	Loading extension 'screenshots@mozilla.org': Reading manifest: Invalid extension permission: resource://pdf.js/
1595203607221	addons.webextension.screenshots@mozilla.org	WARN	Loading extension 'screenshots@mozilla.org': Reading manifest: Invalid extension permission: about:reader*
1595203612034	Marionette	INFO	Listening on port 45201
1595203612073	Marionette	WARN	TLS certificate errors will be ignored for this session
JavaScript warning: https://app.shoptarget.com.br/js/reengage_legacy.js, line 1: unreachable code after return statement
JavaScript warning: https://app.shoptarget.com.br/js/reengage_legacy.js, line 1: unreachable code after return statement
1595203647592	mozrunner::runner	INFO	Running command: "/usr/bin/firefox" "-marionette" "-foreground" "-no-remote" "-profile" "/tmp/rust_mozprofileD5oCpE"
1595203648356	addons.webextension.screenshots@mozilla.org	WARN	Loading extension 'screenshots@mozilla.org': Reading manifest: Invalid extension permission: mozillaAddons
1595203648356	addons.webextension.screenshots@mozilla.org	WARN	Loading extension 'screenshots@mozilla.org': Reading manifest: Invalid extension permission: telemetry
1595203648356	addons.webextension.screenshots@mozilla.org	WARN	Loading extension 'screenshots@mozilla.org': Reading manifest: Invalid extension permission: resource://pdf.js/
1595203648356	addons.webextension.screenshots@mozilla.org	WARN	Loading extension 'screenshots@mozilla.org': Reading manifest: Invalid extension permission: about:reader*
1595203652318	Marionette	INFO	Listening on port 41001
1595203652414	Marionette	WARN	TLS certificate errors will be ignored for this session
JavaScript warning: https://app.shoptarget.com.br/js/reengage_legacy.js, line 1: unreachable code after return statement
JavaScript warning: https://app.shoptarget.com.br/js/reengage_legacy.js, line 1: unreachable code after return statement
1595203680816	mozrunner::runner	INFO	Running command: "/usr/bin/firefox" "-marionette" "-foreground" "-no-remote" "-profile" "/tmp/rust_mozprofiledolyo0"
1595203681511	addons.webextension.screenshots@mozilla.org	WARN	Loading extension 'screenshots@mozilla.org': Reading manifest: Invalid extension permission: mozillaAddons
1595203681511	addons.webextension.screenshots@mozilla.org	WARN	Loading extension 'screenshots@mozilla.org': Reading manifest: Invalid extension permission: telemetry
1595203681512	addons.webextension.screenshots@mozilla.org	WARN	Loading extension 'screenshots@mozilla.org': Reading manifest: Invalid extension permission: resource://pdf.js/
1595203681512	addons.webextension.screenshots@mozilla.org	WARN	Loading extension 'screenshots@mozilla.org': Reading manifest: Invalid extension permission: about:reader*
1595203685310	Marionette	INFO	Listening on port 39919
1595203685334	Marionette	WARN	TLS certificate errors will be ignored for this session
JavaScript warning: https://app.shoptarget.com.br/js/reengage_legacy.js, line 1: unreachable code after return statement
JavaScript warning: https://app.shoptarget.com.br/js/reengage_legacy.js, line 1: unreachable code after return statement
1595203794766	mozrunner::runner	INFO	Running command: "/usr/bin/firefox" "-marionette" "-foreground" "-no-remote" "-profile" "/tmp/rust_mozprofileTIgRft"
1595203795463	addons.webextension.screenshots@mozilla.org	WARN	Loading extension 'screenshots@mozilla.org': Reading manifest: Invalid extension permission: mozillaAddons
1595203795464	addons.webextension.screenshots@mozilla.org	WARN	Loading extension 'screenshots@mozilla.org': Reading manifest: Invalid extension permission: telemetry
1595203795464	addons.webextension.screenshots@mozilla.org	WARN	Loading extension 'screenshots@mozilla.org': Reading manifest: Invalid extension permission: resource://pdf.js/
1595203795464	addons.webextension.screenshots@mozilla.org	WARN	Loading extension 'screenshots@mozilla.org': Reading manifest: Invalid extension permission: about:reader*
1595203799815	Marionette	INFO	Listening on port 43319
1595203799893	Marionette	WARN	TLS certificate errors will be ignored for this session
JavaScript warning: https://app.shoptarget.com.br/js/reengage_legacy.js, line 1: unreachable code after return statement
JavaScript warning: https://app.shoptarget.com.br/js/reengage_legacy.js, line 1: unreachable code after return statement
1595203823117	mozrunner::runner	INFO	Running command: "/usr/bin/firefox" "-marionette" "-foreground" "-no-remote" "-profile" "/tmp/rust_mozprofilesrnhBv"
1595203823836	addons.webextension.screenshots@mozilla.org	WARN	Loading extension 'screenshots@mozilla.org': Reading manifest: Invalid extension permission: mozillaAddons
1595203823836	addons.webextension.screenshots@mozilla.org	WARN	Loading extension 'screenshots@mozilla.org': Reading manifest: Invalid extension permission: telemetry
1595203823837	addons.webextension.screenshots@mozilla.org	WARN	Loading extension 'screenshots@mozilla.org': Reading manifest: Invalid extension permission: resource://pdf.js/
1595203823837	addons.webextension.screenshots@mozilla.org	WARN	Loading extension 'screenshots@mozilla.org': Reading manifest: Invalid extension permission: about:reader*
1595203827786	Marionette	INFO	Listening on port 45471
1595203827840	Marionette	WARN	TLS certificate errors will be ignored for this session
JavaScript warning: https://app.shoptarget.com.br/js/reengage_legacy.js, line 1: unreachable code after return statement
JavaScript warning: https://app.shoptarget.com.br/js/reengage_legacy.js, line 1: unreachable code after return statement
1595204333337	mozrunner::runner	INFO	Running command: "/usr/bin/firefox" "-marionette" "-foreground" "-no-remote" "-profile" "/tmp/rust_mozprofileff9dQU"
1595204334103	addons.webextension.screenshots@mozilla.org	WARN	Loading extension 'screenshots@mozilla.org': Reading manifest: Invalid extension permission: mozillaAddons
1595204334103	addons.webextension.screenshots@mozilla.org	WARN	Loading extension 'screenshots@mozilla.org': Reading manifest: Invalid extension permission: telemetry
1595204334104	addons.webextension.screenshots@mozilla.org	WARN	Loading extension 'screenshots@mozilla.org': Reading manifest: Invalid extension permission: resource://pdf.js/
1595204334104	addons.webextension.screenshots@mozilla.org	WARN	Loading extension 'screenshots@mozilla.org': Reading manifest: Invalid extension permission: about:reader*
1595204337649	Marionette	INFO	Listening on port 33857
1595204337755	Marionette	WARN	TLS certificate errors will be ignored for this session
JavaScript warning: https://app.shoptarget.com.br/js/reengage_legacy.js, line 1: unreachable code after return statement
JavaScript warning: https://app.shoptarget.com.br/js/reengage_legacy.js, line 1: unreachable code after return statement
1595204479910	mozrunner::runner	INFO	Running command: "/usr/bin/firefox" "-marionette" "-foreground" "-no-remote" "-profile" "/tmp/rust_mozprofilenw1T3G"
1595204480863	addons.webextension.screenshots@mozilla.org	WARN	Loading extension 'screenshots@mozilla.org': Reading manifest: Invalid extension permission: mozillaAddons
1595204480863	addons.webextension.screenshots@mozilla.org	WARN	Loading extension 'screenshots@mozilla.org': Reading manifest: Invalid extension permission: telemetry
1595204480863	addons.webextension.screenshots@mozilla.org	WARN	Loading extension 'screenshots@mozilla.org': Reading manifest: Invalid extension permission: resource://pdf.js/
1595204480863	addons.webextension.screenshots@mozilla.org	WARN	Loading extension 'screenshots@mozilla.org': Reading manifest: Invalid extension permission: about:reader*
1595204485335	Marionette	INFO	Listening on port 38903
1595204485431	Marionette	WARN	TLS certificate errors will be ignored for this session
JavaScript warning: https://app.shoptarget.com.br/js/reengage_legacy.js, line 1: unreachable code after return statement
JavaScript warning: https://app.shoptarget.com.br/js/reengage_legacy.js, line 1: unreachable code after return statement
Handler function threw an exception: [Exception... "Component returned failure code: 0x80040111 (NS_ERROR_NOT_AVAILABLE) [nsICacheInfoChannel.isRacing]"  nsresult: "0x80040111 (NS_ERROR_NOT_AVAILABLE)"  location: "JS frame :: resource://devtools/server/actors/network-monitor/network-response-listener.js :: NetworkResponseListener.prototype._getSecurityInfo< :: line 335"  data: no]
Stack: NetworkResponseListener.prototype._getSecurityInfo<@resource://devtools/server/actors/network-monitor/network-response-listener.js:335:26
exports.makeInfallible/<@resource://devtools/shared/ThreadSafeDevToolsUtils.js:111:22
onStartRequest@resource://devtools/server/actors/network-monitor/network-response-listener.js:224:10
Line: 335, column: 0
console.error: ({})
Handler function threw an exception: [Exception... "Component returned failure code: 0x80040111 (NS_ERROR_NOT_AVAILABLE) [nsICacheInfoChannel.isRacing]"  nsresult: "0x80040111 (NS_ERROR_NOT_AVAILABLE)"  location: "JS frame :: resource://devtools/server/actors/network-monitor/network-response-listener.js :: NetworkResponseListener.prototype._getSecurityInfo< :: line 335"  data: no]
Stack: NetworkResponseListener.prototype._getSecurityInfo<@resource://devtools/server/actors/network-monitor/network-response-listener.js:335:26
exports.makeInfallible/<@resource://devtools/shared/ThreadSafeDevToolsUtils.js:111:22
onStartRequest@resource://devtools/server/actors/network-monitor/network-response-listener.js:224:10
Line: 335, column: 0
console.error: ({})
Handler function threw an exception: [Exception... "Component returned failure code: 0x80040111 (NS_ERROR_NOT_AVAILABLE) [nsICacheInfoChannel.isRacing]"  nsresult: "0x80040111 (NS_ERROR_NOT_AVAILABLE)"  location: "JS frame :: resource://devtools/server/actors/network-monitor/network-response-listener.js :: NetworkResponseListener.prototype._getSecurityInfo< :: line 335"  data: no]
Stack: NetworkResponseListener.prototype._getSecurityInfo<@resource://devtools/server/actors/network-monitor/network-response-listener.js:335:26
exports.makeInfallible/<@resource://devtools/shared/ThreadSafeDevToolsUtils.js:111:22
onStartRequest@resource://devtools/server/actors/network-monitor/network-response-listener.js:224:10
Line: 335, column: 0
console.error: ({})
Handler function threw an exception: [Exception... "Component returned failure code: 0x80040111 (NS_ERROR_NOT_AVAILABLE) [nsICacheInfoChannel.isRacing]"  nsresult: "0x80040111 (NS_ERROR_NOT_AVAILABLE)"  location: "JS frame :: resource://devtools/server/actors/network-monitor/network-response-listener.js :: NetworkResponseListener.prototype._getSecurityInfo< :: line 335"  data: no]
Stack: NetworkResponseListener.prototype._getSecurityInfo<@resource://devtools/server/actors/network-monitor/network-response-listener.js:335:26
exports.makeInfallible/<@resource://devtools/shared/ThreadSafeDevToolsUtils.js:111:22
onStartRequest@resource://devtools/server/actors/network-monitor/network-response-listener.js:224:10
Line: 335, column: 0
console.error: ({})
JavaScript error: resource://devtools/client/inspector/markup/markup-context-menu.js, line 968: TypeError: menuItemEl is null
Handler function threw an exception: TypeError: timings.REQUEST_HEADER is undefined
Stack: _setupHarTimings@resource://devtools/server/actors/network-monitor/network-observer.js:1078:1
_onTransactionClose@resource://devtools/server/actors/network-monitor/network-observer.js:1005:25
_dispatchActivity@resource://devtools/server/actors/network-monitor/network-observer.js:529:14
NetworkObserver.prototype.observeActivity<@resource://devtools/server/actors/network-monitor/network-observer.js:607:12
exports.makeInfallible/<@resource://devtools/shared/ThreadSafeDevToolsUtils.js:111:22
Line: 1078, column: 1
console.error: (new TypeError("timings.REQUEST_HEADER is undefined", "resource://devtools/server/actors/network-monitor/network-observer.js", 1078))
Handler function threw an exception: TypeError: timings.REQUEST_HEADER is undefined
Stack: _setupHarTimings@resource://devtools/server/actors/network-monitor/network-observer.js:1078:1
_onTransactionClose@resource://devtools/server/actors/network-monitor/network-observer.js:1005:25
_dispatchActivity@resource://devtools/server/actors/network-monitor/network-observer.js:529:14
NetworkObserver.prototype.observeActivity<@resource://devtools/server/actors/network-monitor/network-observer.js:607:12
exports.makeInfallible/<@resource://devtools/shared/ThreadSafeDevToolsUtils.js:111:22
Line: 1078, column: 1
console.error: (new TypeError("timings.REQUEST_HEADER is undefined", "resource://devtools/server/actors/network-monitor/network-observer.js", 1078))
Handler function threw an exception: TypeError: timings.REQUEST_HEADER is undefined
Stack: _setupHarTimings@resource://devtools/server/actors/network-monitor/network-observer.js:1078:1
_onTransactionClose@resource://devtools/server/actors/network-monitor/network-observer.js:1005:25
_dispatchActivity@resource://devtools/server/actors/network-monitor/network-observer.js:529:14
NetworkObserver.prototype.observeActivity<@resource://devtools/server/actors/network-monitor/network-observer.js:607:12
exports.makeInfallible/<@resource://devtools/shared/ThreadSafeDevToolsUtils.js:111:22
Line: 1078, column: 1
console.error: (new TypeError("timings.REQUEST_HEADER is undefined", "resource://devtools/server/actors/network-monitor/network-observer.js", 1078))
1595204614945	mozrunner::runner	INFO	Running command: "/usr/bin/firefox" "-marionette" "-foreground" "-no-remote" "-profile" "/tmp/rust_mozprofileCIamxi"
1595204615643	addons.webextension.screenshots@mozilla.org	WARN	Loading extension 'screenshots@mozilla.org': Reading manifest: Invalid extension permission: mozillaAddons
1595204615643	addons.webextension.screenshots@mozilla.org	WARN	Loading extension 'screenshots@mozilla.org': Reading manifest: Invalid extension permission: telemetry
1595204615643	addons.webextension.screenshots@mozilla.org	WARN	Loading extension 'screenshots@mozilla.org': Reading manifest: Invalid extension permission: resource://pdf.js/
1595204615643	addons.webextension.screenshots@mozilla.org	WARN	Loading extension 'screenshots@mozilla.org': Reading manifest: Invalid extension permission: about:reader*
1595204618928	Marionette	INFO	Listening on port 43541
1595204618965	Marionette	WARN	TLS certificate errors will be ignored for this session
JavaScript warning: https://app.shoptarget.com.br/js/reengage_legacy.js, line 1: unreachable code after return statement
JavaScript warning: https://app.shoptarget.com.br/js/reengage_legacy.js, line 1: unreachable code after return statement
1595204690512	mozrunner::runner	INFO	Running command: "/usr/bin/firefox" "-marionette" "-foreground" "-no-remote" "-profile" "/tmp/rust_mozprofileHxAupS"
1595204691288	addons.webextension.screenshots@mozilla.org	WARN	Loading extension 'screenshots@mozilla.org': Reading manifest: Invalid extension permission: mozillaAddons
1595204691288	addons.webextension.screenshots@mozilla.org	WARN	Loading extension 'screenshots@mozilla.org': Reading manifest: Invalid extension permission: telemetry
1595204691288	addons.webextension.screenshots@mozilla.org	WARN	Loading extension 'screenshots@mozilla.org': Reading manifest: Invalid extension permission: resource://pdf.js/
1595204691289	addons.webextension.screenshots@mozilla.org	WARN	Loading extension 'screenshots@mozilla.org': Reading manifest: Invalid extension permission: about:reader*
1595204695346	Marionette	INFO	Listening on port 43543
1595204695422	Marionette	WARN	TLS certificate errors will be ignored for this session
JavaScript warning: https://app.shoptarget.com.br/js/reengage_legacy.js, line 1: unreachable code after return statement
JavaScript warning: https://app.shoptarget.com.br/js/reengage_legacy.js, line 1: unreachable code after return statement
JavaScript error: , line 0: UnknownError: The operation failed for reasons unrelated to the database itself and not covered by any other error code.
JavaScript error: , line 0: UnknownError: The operation failed for reasons unrelated to the database itself and not covered by any other error code.
1595204713724	Marionette	INFO	Stopped listening on port 43541
1595204713724	Marionette	INFO	Stopped listening on port 46403
JavaScript error: , line 0: UnknownError: The operation failed for reasons unrelated to the database itself and not covered by any other error code.
1595204713908	Marionette	INFO	Stopped listening on port 43319
JavaScript error: , line 0: UnknownError: The operation failed for reasons unrelated to the database itself and not covered by any other error code.
JavaScript error: , line 0: UnknownError: The operation failed for reasons unrelated to the database itself and not covered by any other error code.
JavaScript error: , line 0: UnknownError: The operation failed for reasons unrelated to the database itself and not covered by any other error code.
JavaScript error: , line 0: UnknownError: The operation failed for reasons unrelated to the database itself and not covered by any other error code.
JavaScript error: , line 0: UnknownError: The operation failed for reasons unrelated to the database itself and not covered by any other error code.
JavaScript error: , line 0: UnknownError: The operation failed for reasons unrelated to the database itself and not covered by any other error code.
1595204714025	Marionette	INFO	Stopped listening on port 45201
1595204714064	Marionette	INFO	Stopped listening on port 41001
1595204714068	Marionette	INFO	Stopped listening on port 33857
1595204714102	Marionette	INFO	Stopped listening on port 39919
1595204714112	Marionette	INFO	Stopped listening on port 45471
1595204714135	Marionette	INFO	Stopped listening on port 40127
JavaScript error: , line 0: UnknownError: The operation failed for reasons unrelated to the database itself and not covered by any other error code.
1595204714273	Marionette	INFO	Stopped listening on port 38903
console.error: (new Error("SessionFile is closed", "resource:///modules/sessionstore/SessionFile.jsm", 433))
1595204727017	Marionette	INFO	Stopped listening on port 43543
1595204760146	mozrunner::runner	INFO	Running command: "/usr/bin/firefox" "-marionette" "-foreground" "-no-remote" "-profile" "/tmp/rust_mozprofileJs76nh"
1595204760844	addons.webextension.screenshots@mozilla.org	WARN	Loading extension 'screenshots@mozilla.org': Reading manifest: Invalid extension permission: mozillaAddons
1595204760844	addons.webextension.screenshots@mozilla.org	WARN	Loading extension 'screenshots@mozilla.org': Reading manifest: Invalid extension permission: telemetry
1595204760844	addons.webextension.screenshots@mozilla.org	WARN	Loading extension 'screenshots@mozilla.org': Reading manifest: Invalid extension permission: resource://pdf.js/
1595204760844	addons.webextension.screenshots@mozilla.org	WARN	Loading extension 'screenshots@mozilla.org': Reading manifest: Invalid extension permission: about:reader*
1595204765376	Marionette	INFO	Listening on port 35181
1595204765476	Marionette	WARN	TLS certificate errors will be ignored for this session
JavaScript warning: https://app.shoptarget.com.br/js/reengage_legacy.js, line 1: unreachable code after return statement
JavaScript warning: https://app.shoptarget.com.br/js/reengage_legacy.js, line 1: unreachable code after return statement
1595204859275	mozrunner::runner	INFO	Running command: "/usr/bin/firefox" "-marionette" "-foreground" "-no-remote" "-profile" "/tmp/rust_mozprofileK76d9N"
1595204860010	addons.webextension.screenshots@mozilla.org	WARN	Loading extension 'screenshots@mozilla.org': Reading manifest: Invalid extension permission: mozillaAddons
1595204860011	addons.webextension.screenshots@mozilla.org	WARN	Loading extension 'screenshots@mozilla.org': Reading manifest: Invalid extension permission: telemetry
1595204860011	addons.webextension.screenshots@mozilla.org	WARN	Loading extension 'screenshots@mozilla.org': Reading manifest: Invalid extension permission: resource://pdf.js/
1595204860011	addons.webextension.screenshots@mozilla.org	WARN	Loading extension 'screenshots@mozilla.org': Reading manifest: Invalid extension permission: about:reader*
1595204864647	Marionette	INFO	Listening on port 38741
1595204864700	Marionette	WARN	TLS certificate errors will be ignored for this session
JavaScript warning: https://app.shoptarget.com.br/js/reengage_legacy.js, line 1: unreachable code after return statement
JavaScript warning: https://app.shoptarget.com.br/js/reengage_legacy.js, line 1: unreachable code after return statement
console.error: (new Error("SessionFile is closed", "resource:///modules/sessionstore/SessionFile.jsm", 433))
1595204916837	Marionette	INFO	Stopped listening on port 38741
JavaScript error: resource://gre/modules/osfile/osfile_async_front.jsm, line 426: Error: OS.File has been shut down. Rejecting post to stat
1595204978595	mozrunner::runner	INFO	Running command: "/usr/bin/firefox" "-marionette" "-foreground" "-no-remote" "-profile" "/tmp/rust_mozprofile7ogh9b"
1595204979373	addons.webextension.screenshots@mozilla.org	WARN	Loading extension 'screenshots@mozilla.org': Reading manifest: Invalid extension permission: mozillaAddons
1595204979374	addons.webextension.screenshots@mozilla.org	WARN	Loading extension 'screenshots@mozilla.org': Reading manifest: Invalid extension permission: telemetry
1595204979374	addons.webextension.screenshots@mozilla.org	WARN	Loading extension 'screenshots@mozilla.org': Reading manifest: Invalid extension permission: resource://pdf.js/
1595204979374	addons.webextension.screenshots@mozilla.org	WARN	Loading extension 'screenshots@mozilla.org': Reading manifest: Invalid extension permission: about:reader*
1595204983996	Marionette	INFO	Listening on port 41527
1595204984018	Marionette	WARN	TLS certificate errors will be ignored for this session
JavaScript warning: https://app.shoptarget.com.br/js/reengage_legacy.js, line 1: unreachable code after return statement
JavaScript warning: https://app.shoptarget.com.br/js/reengage_legacy.js, line 1: unreachable code after return statement
[Parent 6655, Gecko_IOThread] WARNING: pipe error (62): Connection reset by peer: file /build/firefox-HwDgAI/firefox-71.0+linuxmint2+tricia/ipc/chromium/src/chrome/common/ipc_channel_posix.cc, line 358
[Parent 6655, Gecko_IOThread] WARNING: pipe error (75): Connection reset by peer: file /build/firefox-HwDgAI/firefox-71.0+linuxmint2+tricia/ipc/chromium/src/chrome/common/ipc_channel_posix.cc, line 358
JavaScript error: , line 0: UnknownError: The operation failed for reasons unrelated to the database itself and not covered by any other error code.
JavaScript error: , line 0: UnknownError: The operation failed for reasons unrelated to the database itself and not covered by any other error code.
1595205088341	Marionette	INFO	Stopped listening on port 41527
1595205088352	Marionette	INFO	Stopped listening on port 35181
1595205126090	mozrunner::runner	INFO	Running command: "/usr/bin/firefox" "-marionette" "-foreground" "-no-remote" "-profile" "/tmp/rust_mozprofilekmDAmT"
1595205126793	addons.webextension.screenshots@mozilla.org	WARN	Loading extension 'screenshots@mozilla.org': Reading manifest: Invalid extension permission: mozillaAddons
1595205126793	addons.webextension.screenshots@mozilla.org	WARN	Loading extension 'screenshots@mozilla.org': Reading manifest: Invalid extension permission: telemetry
1595205126793	addons.webextension.screenshots@mozilla.org	WARN	Loading extension 'screenshots@mozilla.org': Reading manifest: Invalid extension permission: resource://pdf.js/
1595205126794	addons.webextension.screenshots@mozilla.org	WARN	Loading extension 'screenshots@mozilla.org': Reading manifest: Invalid extension permission: about:reader*
1595205131143	Marionette	INFO	Listening on port 33303
1595205131214	Marionette	WARN	TLS certificate errors will be ignored for this session
JavaScript warning: https://app.shoptarget.com.br/js/reengage_legacy.js, line 1: unreachable code after return statement
JavaScript warning: https://app.shoptarget.com.br/js/reengage_legacy.js, line 1: unreachable code after return statement
1595205202690	mozrunner::runner	INFO	Running command: "/usr/bin/firefox" "-marionette" "-foreground" "-no-remote" "-profile" "/tmp/rust_mozprofileClscBW"
1595205203540	addons.webextension.screenshots@mozilla.org	WARN	Loading extension 'screenshots@mozilla.org': Reading manifest: Invalid extension permission: mozillaAddons
1595205203540	addons.webextension.screenshots@mozilla.org	WARN	Loading extension 'screenshots@mozilla.org': Reading manifest: Invalid extension permission: telemetry
1595205203540	addons.webextension.screenshots@mozilla.org	WARN	Loading extension 'screenshots@mozilla.org': Reading manifest: Invalid extension permission: resource://pdf.js/
1595205203541	addons.webextension.screenshots@mozilla.org	WARN	Loading extension 'screenshots@mozilla.org': Reading manifest: Invalid extension permission: about:reader*
1595205206941	Marionette	INFO	Listening on port 33167
1595205207005	Marionette	WARN	TLS certificate errors will be ignored for this session
JavaScript warning: https://app.shoptarget.com.br/js/reengage_legacy.js, line 1: unreachable code after return statement
JavaScript warning: https://app.shoptarget.com.br/js/reengage_legacy.js, line 1: unreachable code after return statement
1595205272761	mozrunner::runner	INFO	Running command: "/usr/bin/firefox" "-marionette" "-foreground" "-no-remote" "-profile" "/tmp/rust_mozprofileCI6DZQ"
1595205274559	addons.webextension.screenshots@mozilla.org	WARN	Loading extension 'screenshots@mozilla.org': Reading manifest: Invalid extension permission: mozillaAddons
1595205274559	addons.webextension.screenshots@mozilla.org	WARN	Loading extension 'screenshots@mozilla.org': Reading manifest: Invalid extension permission: telemetry
1595205274559	addons.webextension.screenshots@mozilla.org	WARN	Loading extension 'screenshots@mozilla.org': Reading manifest: Invalid extension permission: resource://pdf.js/
1595205274559	addons.webextension.screenshots@mozilla.org	WARN	Loading extension 'screenshots@mozilla.org': Reading manifest: Invalid extension permission: about:reader*
1595205279476	Marionette	INFO	Listening on port 34401
1595205279492	Marionette	WARN	TLS certificate errors will be ignored for this session
JavaScript warning: https://app.shoptarget.com.br/js/reengage_legacy.js, line 1: unreachable code after return statement
JavaScript warning: https://app.shoptarget.com.br/js/reengage_legacy.js, line 1: unreachable code after return statement
1595205312934	mozrunner::runner	INFO	Running command: "/usr/bin/firefox" "-marionette" "-foreground" "-no-remote" "-profile" "/tmp/rust_mozprofilegwtubP"
1595205313648	addons.webextension.screenshots@mozilla.org	WARN	Loading extension 'screenshots@mozilla.org': Reading manifest: Invalid extension permission: mozillaAddons
1595205313648	addons.webextension.screenshots@mozilla.org	WARN	Loading extension 'screenshots@mozilla.org': Reading manifest: Invalid extension permission: telemetry
1595205313649	addons.webextension.screenshots@mozilla.org	WARN	Loading extension 'screenshots@mozilla.org': Reading manifest: Invalid extension permission: resource://pdf.js/
1595205313649	addons.webextension.screenshots@mozilla.org	WARN	Loading extension 'screenshots@mozilla.org': Reading manifest: Invalid extension permission: about:reader*
1595205317831	Marionette	INFO	Listening on port 37003
1595205317850	Marionette	WARN	TLS certificate errors will be ignored for this session
JavaScript warning: https://app.shoptarget.com.br/js/reengage_legacy.js, line 1: unreachable code after return statement
JavaScript warning: https://app.shoptarget.com.br/js/reengage_legacy.js, line 1: unreachable code after return statement
1595205335479	mozrunner::runner	INFO	Running command: "/usr/bin/firefox" "-marionette" "-foreground" "-no-remote" "-profile" "/tmp/rust_mozprofileirFfdm"
1595205336451	addons.webextension.screenshots@mozilla.org	WARN	Loading extension 'screenshots@mozilla.org': Reading manifest: Invalid extension permission: mozillaAddons
1595205336451	addons.webextension.screenshots@mozilla.org	WARN	Loading extension 'screenshots@mozilla.org': Reading manifest: Invalid extension permission: telemetry
1595205336451	addons.webextension.screenshots@mozilla.org	WARN	Loading extension 'screenshots@mozilla.org': Reading manifest: Invalid extension permission: resource://pdf.js/
1595205336451	addons.webextension.screenshots@mozilla.org	WARN	Loading extension 'screenshots@mozilla.org': Reading manifest: Invalid extension permission: about:reader*
1595205340836	Marionette	INFO	Listening on port 45485
1595205340899	Marionette	WARN	TLS certificate errors will be ignored for this session
JavaScript warning: https://app.shoptarget.com.br/js/reengage_legacy.js, line 1: unreachable code after return statement
JavaScript warning: https://app.shoptarget.com.br/js/reengage_legacy.js, line 1: unreachable code after return statement
1595205366747	mozrunner::runner	INFO	Running command: "/usr/bin/firefox" "-marionette" "-foreground" "-no-remote" "-profile" "/tmp/rust_mozprofile0Xmfna"
1595205367701	addons.webextension.screenshots@mozilla.org	WARN	Loading extension 'screenshots@mozilla.org': Reading manifest: Invalid extension permission: mozillaAddons
1595205367701	addons.webextension.screenshots@mozilla.org	WARN	Loading extension 'screenshots@mozilla.org': Reading manifest: Invalid extension permission: telemetry
1595205367702	addons.webextension.screenshots@mozilla.org	WARN	Loading extension 'screenshots@mozilla.org': Reading manifest: Invalid extension permission: resource://pdf.js/
1595205367702	addons.webextension.screenshots@mozilla.org	WARN	Loading extension 'screenshots@mozilla.org': Reading manifest: Invalid extension permission: about:reader*
1595205372499	Marionette	INFO	Listening on port 45175
1595205372571	Marionette	WARN	TLS certificate errors will be ignored for this session
JavaScript warning: https://app.shoptarget.com.br/js/reengage_legacy.js, line 1: unreachable code after return statement
JavaScript warning: https://app.shoptarget.com.br/js/reengage_legacy.js, line 1: unreachable code after return statement
